0 info it worked if it ends with ok
1 verbose cli [ 'C:\\Program Files\\nodejs\\node.exe',
1 verbose cli   'C:\\Program Files\\nodejs\\node_modules\\npm\\bin\\npm-cli.js',
1 verbose cli   'publish' ]
2 info using npm@2.14.7
3 info using node@v4.2.1
4 verbose publish [ '.' ]
5 silly cache add args [ '.', null ]
6 verbose cache add spec .
7 silly cache add parsed spec Result {
7 silly cache add   raw: '.',
7 silly cache add   scope: null,
7 silly cache add   name: null,
7 silly cache add   rawSpec: '.',
7 silly cache add   spec: 'C:\\Users\\Nate\\Desktop\\fit\\IntroSE\\YellowStream',
7 silly cache add   type: 'directory' }
8 verbose addLocalDirectory C:\Users\Nate\AppData\Roaming\npm-cache\YellowStream\0.0.2\package.tgz not in flight; packing
9 verbose tar pack [ 'C:\\Users\\Nate\\AppData\\Roaming\\npm-cache\\YellowStream\\0.0.2\\package.tgz',
9 verbose tar pack   'C:\\Users\\Nate\\Desktop\\fit\\IntroSE\\YellowStream' ]
10 verbose tarball C:\Users\Nate\AppData\Roaming\npm-cache\YellowStream\0.0.2\package.tgz
11 verbose folder C:\Users\Nate\Desktop\fit\IntroSE\YellowStream
12 info prepublish YellowStream@0.0.2
13 verbose addLocalTarball adding from inside cache C:\Users\Nate\AppData\Roaming\npm-cache\YellowStream\0.0.2\package.tgz
14 silly cache afterAdd YellowStream@0.0.2
15 verbose afterAdd C:\Users\Nate\AppData\Roaming\npm-cache\YellowStream\0.0.2\package\package.json not in flight; writing
16 verbose afterAdd C:\Users\Nate\AppData\Roaming\npm-cache\YellowStream\0.0.2\package\package.json written
17 silly publish { name: 'YellowStream',
17 silly publish   version: '0.0.2',
17 silly publish   description: 'Provides stream utilties, such as multi-plexing and generalized receivers.',
17 silly publish   main: 'code.js',
17 silly publish   dependencies: {},
17 silly publish   devDependencies: {},
17 silly publish   scripts: { test: 'echo "Error: no test specified" && exit 1' },
17 silly publish   keywords: [ 'stream' ],
17 silly publish   author: { name: 'Nate Watson' },
17 silly publish   license: 'MIT',
17 silly publish   repository:
17 silly publish    { type: 'git',
17 silly publish      url: 'git+https://github.com/natewatson999/YellowStream.git' },
17 silly publish   bugs: { url: 'https://github.com/natewatson999/YellowStream/issues' },
17 silly publish   homepage: 'https://github.com/natewatson999/YellowStream',
17 silly publish   readme: 'ERROR: No README data found!',
17 silly publish   readmeFilename: 'README.md',
17 silly publish   gitHead: '3b97835a3d7d3a9618f552c84382c714747e61c3',
17 silly publish   _id: 'YellowStream@0.0.2',
17 silly publish   _shasum: 'a48e24372168dfa4a22bcee6f64c29b34df5f540',
17 silly publish   _from: '.' }
18 verbose getPublishConfig undefined
19 silly mapToRegistry name YellowStream
20 silly mapToRegistry using default registry
21 silly mapToRegistry registry https://registry.npmjs.org/
22 silly mapToRegistry uri https://registry.npmjs.org/YellowStream
23 verbose publish registryBase https://registry.npmjs.org/
24 silly publish uploading C:\Users\Nate\AppData\Roaming\npm-cache\YellowStream\0.0.2\package.tgz
25 verbose request uri https://registry.npmjs.org/YellowStream
26 verbose request sending authorization for write operation
27 info attempt registry request try #1 at 12:54:27 AM
28 verbose request using bearer token for auth
29 verbose request id 7e91e4c1b5bed3f4
30 http request PUT https://registry.npmjs.org/YellowStream
31 http 400 https://registry.npmjs.org/YellowStream
32 verbose headers { 'content-type': 'application/json',
32 verbose headers   'cache-control': 'max-age=300',
32 verbose headers   'content-length': '54',
32 verbose headers   'accept-ranges': 'bytes',
32 verbose headers   date: 'Fri, 12 Feb 2016 05:54:27 GMT',
32 verbose headers   via: '1.1 varnish',
32 verbose headers   connection: 'keep-alive',
32 verbose headers   'x-served-by': 'cache-iad2142-IAD',
32 verbose headers   'x-cache': 'MISS',
32 verbose headers   'x-cache-hits': '0',
32 verbose headers   'x-timer': 'S1455256467.139071,VS0,VE852' }
33 verbose request invalidating C:\Users\Nate\AppData\Roaming\npm-cache\registry.npmjs.org\YellowStream on PUT
34 error publish Failed PUT 400
35 verbose stack Error: name can no longer contain capital letters : YellowStream
35 verbose stack     at makeError (C:\Program Files\nodejs\node_modules\npm\node_modules\npm-registry-client\lib\request.js:264:12)
35 verbose stack     at CachingRegistryClient.<anonymous> (C:\Program Files\nodejs\node_modules\npm\node_modules\npm-registry-client\lib\request.js:252:14)
35 verbose stack     at Request._callback (C:\Program Files\nodejs\node_modules\npm\node_modules\npm-registry-client\lib\request.js:172:14)
35 verbose stack     at Request.self.callback (C:\Program Files\nodejs\node_modules\npm\node_modules\request\request.js:198:22)
35 verbose stack     at emitTwo (events.js:87:13)
35 verbose stack     at Request.emit (events.js:172:7)
35 verbose stack     at Request.<anonymous> (C:\Program Files\nodejs\node_modules\npm\node_modules\request\request.js:1063:14)
35 verbose stack     at emitOne (events.js:82:20)
35 verbose stack     at Request.emit (events.js:169:7)
35 verbose stack     at IncomingMessage.<anonymous> (C:\Program Files\nodejs\node_modules\npm\node_modules\request\request.js:1009:12)
36 verbose statusCode 400
37 verbose pkgid YellowStream
38 verbose cwd C:\Users\Nate\Desktop\fit\IntroSE\YellowStream
39 error Windows_NT 10.0.10586
40 error argv "C:\\Program Files\\nodejs\\node.exe" "C:\\Program Files\\nodejs\\node_modules\\npm\\bin\\npm-cli.js" "publish"
41 error node v4.2.1
42 error npm  v2.14.7
43 error code E400
44 error name can no longer contain capital letters : YellowStream
45 error If you need help, you may report this error at:
45 error     <https://github.com/npm/npm/issues>
46 verbose exit [ 1, true ]
